2017/12/11 08:16:45 [TRACE] Log Mode: File (Trace)
2017/12/11 08:16:45 [ INFO] Gogs 0.11.34.1122
2017/12/11 08:16:45 [ INFO] Cache Service Enabled
2017/12/11 08:16:45 [ INFO] Session Service Enabled
2017/12/11 08:16:45 [ INFO] Git Version: 2.11.3
2017/12/11 08:16:45 [ INFO] SQLite3 Supported
2017/12/11 08:16:45 [ INFO] Run Mode: Production
2017/12/11 08:16:45 [TRACE] Doing: CheckRepoStats
2017/12/11 08:16:45 [ INFO] Listen: http://0.0.0.0:3000
2017/12/11 08:22:33 [TRACE] Session ID: 3bb122a65e7ea18e
2017/12/11 08:22:33 [TRACE] CSRF Token: p2PnrgQWwFi7PJZ6hQRlCiilouo6MTUxMjk5ODU1MzQyOTE0ODYzMQ==
2017/12/11 08:22:33 [TRACE] Template: home
2017/12/11 08:22:35 [TRACE] Session ID: 3bb122a65e7ea18e
2017/12/11 08:22:35 [TRACE] CSRF Token: p2PnrgQWwFi7PJZ6hQRlCiilouo6MTUxMjk5ODU1MzQyOTE0ODYzMQ==
2017/12/11 08:22:35 [TRACE] Template: user/auth/login
2017/12/11 08:22:42 [TRACE] Session ID: 3bb122a65e7ea18e
2017/12/11 08:22:42 [TRACE] CSRF Token: p2PnrgQWwFi7PJZ6hQRlCiilouo6MTUxMjk5ODU1MzQyOTE0ODYzMQ==
2017/12/11 08:22:42 [TRACE] Session ID: 3bb122a65e7ea18e
2017/12/11 08:22:42 [TRACE] CSRF Token: ikEzJJU_xsHKM-a_amjSdgB4lxI6MTUxMjk5ODU2Mjc0NTM1Mjg5NA==
2017/12/11 08:22:42 [TRACE] Template: user/dashboard/dashboard
2017/12/11 08:22:49 [TRACE] Session ID: 3bb122a65e7ea18e
2017/12/11 08:22:49 [TRACE] CSRF Token: ikEzJJU_xsHKM-a_amjSdgB4lxI6MTUxMjk5ODU2Mjc0NTM1Mjg5NA==
2017/12/11 08:22:49 [TRACE] Template: user/settings/profile
2017/12/11 08:22:50 [TRACE] Session ID: 3bb122a65e7ea18e
2017/12/11 08:22:50 [TRACE] CSRF Token: ikEzJJU_xsHKM-a_amjSdgB4lxI6MTUxMjk5ODU2Mjc0NTM1Mjg5NA==
2017/12/11 08:22:50 [TRACE] Template: user/settings/sshkeys
2017/12/11 08:22:53 [TRACE] Session ID: 3bb122a65e7ea18e
2017/12/11 08:22:53 [TRACE] CSRF Token: ikEzJJU_xsHKM-a_amjSdgB4lxI6MTUxMjk5ODU2Mjc0NTM1Mjg5NA==
2017/12/11 08:22:53 [TRACE] Session ID: 3bb122a65e7ea18e
2017/12/11 08:22:53 [TRACE] CSRF Token: ikEzJJU_xsHKM-a_amjSdgB4lxI6MTUxMjk5ODU2Mjc0NTM1Mjg5NA==
2017/12/11 08:22:53 [TRACE] Template: user/settings/sshkeys
2017/12/11 08:26:45 [TRACE] Doing: MirrorUpdate
2017/12/11 08:32:14 [TRACE] Session ID: 3bb122a65e7ea18e
2017/12/11 08:32:14 [TRACE] CSRF Token: ikEzJJU_xsHKM-a_amjSdgB4lxI6MTUxMjk5ODU2Mjc0NTM1Mjg5NA==
2017/12/11 08:32:14 [TRACE] Template: explore/repos
2017/12/11 08:32:16 [TRACE] Session ID: 3bb122a65e7ea18e
2017/12/11 08:32:16 [TRACE] CSRF Token: ikEzJJU_xsHKM-a_amjSdgB4lxI6MTUxMjk5ODU2Mjc0NTM1Mjg5NA==
2017/12/11 08:32:16 [TRACE] Template: repo/home
2017/12/11 08:33:13 [TRACE] Session ID: 9addc37727c68ec8
2017/12/11 08:33:13 [TRACE] CSRF Token: 5Wp8WLu-OKvYtL-7RSZn1HnzACU6MTUxMjk5OTE5MzY2OTI4MjY2Ng==
2017/12/11 08:33:35 [TRACE] Session ID: a4bcdd5632e2c763
2017/12/11 08:33:35 [TRACE] CSRF Token: BC4SaJo54OC56EYwMU7kfE2qO5k6MTUxMjk5OTIxNTEyMjkxNDQzMA==
2017/12/11 08:35:14 [TRACE] Session ID: 6ac7fad925795161
2017/12/11 08:35:14 [TRACE] CSRF Token: _6R5Lf_hQi8wTZgw2K58GGSwsMY6MTUxMjk5OTMxNDEwMDUxODQ2OQ==
2017/12/11 08:35:14 [TRACE] Session ID: 57fa5e710effff13
2017/12/11 08:35:14 [TRACE] CSRF Token: 6oJdxyzXWQnfomzqElvDtDnYQ906MTUxMjk5OTMxNDE3MTgwNjA0OA==
2017/12/11 08:35:14 [TRACE] Session ID: 970d91a991de99d6
2017/12/11 08:35:14 [TRACE] CSRF Token: w5kgy2q4aVv5lfUABLXOXxHbtSQ6MTUxMjk5OTMxNDcyNjA2OTI3NQ==
2017/12/11 08:36:42 [TRACE] Session ID: 3bb122a65e7ea18e
2017/12/11 08:36:42 [TRACE] CSRF Token: ikEzJJU_xsHKM-a_amjSdgB4lxI6MTUxMjk5ODU2Mjc0NTM1Mjg5NA==
2017/12/11 08:36:42 [TRACE] Template: user/settings/profile
2017/12/11 08:36:43 [TRACE] Session ID: 3bb122a65e7ea18e
2017/12/11 08:36:43 [TRACE] CSRF Token: ikEzJJU_xsHKM-a_amjSdgB4lxI6MTUxMjk5ODU2Mjc0NTM1Mjg5NA==
2017/12/11 08:36:43 [TRACE] Template: user/settings/sshkeys
2017/12/11 08:36:45 [TRACE] Doing: MirrorUpdate
2017/12/11 08:36:48 [TRACE] Session ID: 3bb122a65e7ea18e
2017/12/11 08:36:48 [TRACE] CSRF Token: ikEzJJU_xsHKM-a_amjSdgB4lxI6MTUxMjk5ODU2Mjc0NTM1Mjg5NA==
2017/12/11 08:36:48 [TRACE] ssh-rsa AAAAB3NzaC1yc2EAAAADAQABAAABAQC05LGQjDwAHztdAVL4lY/gqe6Ebz2Aj4epfIySr70rUVif37BtVeFp/8hOvS5TkjZCOcndrTYbbZ6hWKBJ4I9V3wMS0cFDf9PLv/6ra9axCQs5VnewJKxlABkxT1CDN49d7K5CqQ7WCJvsoHwwyapbwy7BD4bEBmhIha3FMYz1/yOCmv7u59p5gH4GFtd4lVtZpDwh+xwoIuhiIWWJcEq9Xrd0TwaQZb7C9yh/6d5IIkaWPDCmEcnEd/sO4PapPETZ5alq4bz70ilMK+jQ+wD/aMJ4LIsyGChEAOi3FDp2sB+9/fJ1jBlSh0zJ6IRnwT39gWFp9DhD/pNGBdHCIqQ9 admin@localhost:8080
2017/12/11 08:36:48 [TRACE] Session ID: 3bb122a65e7ea18e
2017/12/11 08:36:48 [TRACE] CSRF Token: ikEzJJU_xsHKM-a_amjSdgB4lxI6MTUxMjk5ODU2Mjc0NTM1Mjg5NA==
2017/12/11 08:36:48 [TRACE] Template: user/settings/sshkeys
2017/12/11 08:38:07 [TRACE] Session ID: 3bb122a65e7ea18e
2017/12/11 08:38:07 [TRACE] CSRF Token: ikEzJJU_xsHKM-a_amjSdgB4lxI6MTUxMjk5ODU2Mjc0NTM1Mjg5NA==
2017/12/11 08:38:07 [TRACE] Template: user/dashboard/dashboard
2017/12/11 08:38:08 [TRACE] Session ID: 3bb122a65e7ea18e
2017/12/11 08:38:08 [TRACE] CSRF Token: ikEzJJU_xsHKM-a_amjSdgB4lxI6MTUxMjk5ODU2Mjc0NTM1Mjg5NA==
2017/12/11 08:38:08 [TRACE] Template: repo/home
2017/12/11 08:38:12 [TRACE] Session ID: 3bb122a65e7ea18e
2017/12/11 08:38:12 [TRACE] CSRF Token: ikEzJJU_xsHKM-a_amjSdgB4lxI6MTUxMjk5ODU2Mjc0NTM1Mjg5NA==
2017/12/11 08:38:12 [TRACE] Detected encoding: UTF-8 (fast)
2017/12/11 08:38:12 [TRACE] Template: repo/home
2017/12/11 08:38:14 [TRACE] Session ID: 3bb122a65e7ea18e
2017/12/11 08:38:14 [TRACE] CSRF Token: ikEzJJU_xsHKM-a_amjSdgB4lxI6MTUxMjk5ODU2Mjc0NTM1Mjg5NA==
2017/12/11 08:38:14 [TRACE] Template: repo/editor/delete
2017/12/11 08:38:17 [TRACE] Session ID: 3bb122a65e7ea18e
2017/12/11 08:38:17 [TRACE] CSRF Token: ikEzJJU_xsHKM-a_amjSdgB4lxI6MTUxMjk5ODU2Mjc0NTM1Mjg5NA==
2017/12/11 08:38:17 [TRACE] Detected encoding: UTF-8 (fast)
2017/12/11 08:38:17 [TRACE] Template: repo/home
2017/12/11 08:38:21 [TRACE] Session ID: 3bb122a65e7ea18e
2017/12/11 08:38:21 [TRACE] CSRF Token: ikEzJJU_xsHKM-a_amjSdgB4lxI6MTUxMjk5ODU2Mjc0NTM1Mjg5NA==
2017/12/11 08:38:21 [TRACE] Detected encoding: UTF-8 (fast)
2017/12/11 08:38:21 [TRACE] Template: repo/editor/edit
2017/12/11 08:38:21 [TRACE] Session ID: 3bb122a65e7ea18e
2017/12/11 08:38:21 [TRACE] CSRF Token: ikEzJJU_xsHKM-a_amjSdgB4lxI6MTUxMjk5ODU2Mjc0NTM1Mjg5NA==
2017/12/11 08:38:25 [TRACE] Session ID: 3bb122a65e7ea18e
2017/12/11 08:38:25 [TRACE] CSRF Token: ikEzJJU_xsHKM-a_amjSdgB4lxI6MTUxMjk5ODU2Mjc0NTM1Mjg5NA==
2017/12/11 08:38:25 [TRACE] Detected encoding: UTF-8 (fast)
2017/12/11 08:38:25 [TRACE] Template: repo/home
2017/12/11 08:38:26 [TRACE] Session ID: 3bb122a65e7ea18e
2017/12/11 08:38:26 [TRACE] CSRF Token: ikEzJJU_xsHKM-a_amjSdgB4lxI6MTUxMjk5ODU2Mjc0NTM1Mjg5NA==
2017/12/11 08:38:26 [TRACE] Template: repo/editor/delete
2017/12/11 08:38:28 [TRACE] Session ID: 3bb122a65e7ea18e
2017/12/11 08:38:28 [TRACE] CSRF Token: ikEzJJU_xsHKM-a_amjSdgB4lxI6MTUxMjk5ODU2Mjc0NTM1Mjg5NA==
2017/12/11 08:38:29 [TRACE] DeliverHooks [repo_id: 1]
2017/12/11 08:38:29 [TRACE] Hook delivery failed: aaa57794-4c7f-4ae4-a76c-0a4422d8ed9b
2017/12/11 08:38:29 [TRACE] AddTestPullRequestTask [head_repo_id: 1, head_branch: master]: finding pull requests
2017/12/11 08:38:29 [TRACE] AddTestPullRequestTask [base_repo_id: 1, base_branch: master]: finding pull requests
2017/12/11 08:38:29 [TRACE] Session ID: 3bb122a65e7ea18e
2017/12/11 08:38:29 [TRACE] CSRF Token: ikEzJJU_xsHKM-a_amjSdgB4lxI6MTUxMjk5ODU2Mjc0NTM1Mjg5NA==
2017/12/11 08:38:29 [TRACE] Template: repo/home
2017/12/11 08:38:45 [TRACE] Session ID: cc3e310d5b16b2d9
2017/12/11 08:38:45 [TRACE] CSRF Token: dO1cGb3bp3gtEMcsl7PZPc_8Ges6MTUxMjk5OTUyNTEwOTMzNTk4OQ==
2017/12/11 08:38:45 [TRACE] Session ID: d90d697b92b5bcec
2017/12/11 08:38:45 [TRACE] CSRF Token: bCb8gVVjv-Ma_byEsCHewmc_UEA6MTUxMjk5OTUyNTE3MDE4NTU1Mg==
2017/12/11 08:44:52 [TRACE] Session ID: df84e98fe73bfe53
2017/12/11 08:44:52 [TRACE] CSRF Token: IebW8X97JPVqp95r2RSp2mg6qZ06MTUxMjk5OTg5MjM0MjM1NjM3OQ==
2017/12/11 08:45:22 [TRACE] Session ID: 206e15f754dd182d
2017/12/11 08:45:22 [TRACE] CSRF Token: Eg5q7hOTKQimmPFnuUu1q2OhqhQ6MTUxMjk5OTkyMjc2NTg0MTg2Nw==
2017/12/11 08:45:22 [TRACE] Session ID: 53d3567cd3b6d457
2017/12/11 08:45:22 [TRACE] CSRF Token: nCADxgkzk5Dtegw87Y_DVIzJ9dg6MTUxMjk5OTkyMjgwODUyOTYzOA==
2017/12/11 08:45:22 [TRACE] Session ID: a9bc3116abcde58e
2017/12/11 08:45:22 [TRACE] CSRF Token: ATk125ObHZwim1vdbzNE9y4rfyg6MTUxMjk5OTkyMjg2NDMwODQxMQ==
2017/12/11 08:45:22 [TRACE] Session ID: 2e012d03e352ada0
2017/12/11 08:45:22 [TRACE] CSRF Token: 6gihbLU5dSSqgG1LzPKxK7v513U6MTUxMjk5OTkyMjg3NjYzMDUwMw==
2017/12/11 08:45:22 [TRACE] HTTPGit - Authenticated user: netapp
2017/12/11 08:45:23 [TRACE] Session ID: 051b8317a5313186
2017/12/11 08:45:23 [TRACE] CSRF Token: cIjIp1q_ir95PCi5wa3m7j6jdTU6MTUxMjk5OTkyMzYxOTE3OTY4Mw==
2017/12/11 08:45:23 [TRACE] TriggerTask 'website/master' by 'netapp'
2017/12/11 08:45:23 [TRACE] DeliverHooks [repo_id: 1]
2017/12/11 08:45:23 [TRACE] AddTestPullRequestTask [head_repo_id: 1, head_branch: master]: finding pull requests
2017/12/11 08:45:23 [TRACE] Hook delivery failed: 268fdfd3-a70d-41cb-bb8f-6f5adb553815
2017/12/11 08:45:23 [TRACE] AddTestPullRequestTask [base_repo_id: 1, base_branch: master]: finding pull requests
2017/12/11 08:46:45 [TRACE] Doing: MirrorUpdate
2017/12/11 08:48:59 [TRACE] Session ID: 3bb122a65e7ea18e
2017/12/11 08:48:59 [TRACE] CSRF Token: ikEzJJU_xsHKM-a_amjSdgB4lxI6MTUxMjk5ODU2Mjc0NTM1Mjg5NA==
2017/12/11 08:48:59 [TRACE] Template: user/dashboard/dashboard
2017/12/11 08:49:02 [TRACE] Session ID: 3bb122a65e7ea18e
2017/12/11 08:49:02 [TRACE] CSRF Token: ikEzJJU_xsHKM-a_amjSdgB4lxI6MTUxMjk5ODU2Mjc0NTM1Mjg5NA==
2017/12/11 08:49:02 [TRACE] Template: repo/home
2017/12/11 08:49:33 [TRACE] Session ID: cf046eaee5196c67
2017/12/11 08:49:33 [TRACE] CSRF Token: E2ydjHKTazdiyOUB099ZGxdPzE86MTUxMzAwMDE3MzkzODQwMjcxMg==
2017/12/11 08:49:49 [TRACE] Session ID: ae1f1b5828bec755
2017/12/11 08:49:49 [TRACE] CSRF Token: 7KZfafrkTh55BvXZiPCr7maKcpk6MTUxMzAwMDE4OTM4MjQxOTg5Ng==
2017/12/11 08:49:49 [TRACE] Session ID: 6b2f8967a141fc08
2017/12/11 08:49:49 [TRACE] CSRF Token: i9k7C4Ot8jkKNxXa1-5__g3UJEg6MTUxMzAwMDE4OTQ1MTg5MTk2Nw==
2017/12/11 08:49:51 [TRACE] Session ID: 7316f334c66894c8
2017/12/11 08:49:51 [TRACE] CSRF Token: 7bBDuGRHFolYraiP4W0lgcZy_hg6MTUxMzAwMDE5MTEzODI0NTUyMQ==
2017/12/11 08:49:51 [TRACE] Session ID: c080014469f39d56
2017/12/11 08:49:51 [TRACE] CSRF Token: _fmSpxs6l2HRAFqNGouC_pX6V8Q6MTUxMzAwMDE5MTI0MDk4MTQ5OA==
2017/12/11 08:50:52 [TRACE] Session ID: f9473e6a331662dd
2017/12/11 08:50:52 [TRACE] CSRF Token: hncMKQgoYuxp7mBD_4gjktwuxlU6MTUxMzAwMDI1MjExMjA1NDIyMw==
2017/12/11 08:50:52 [TRACE] Session ID: 4beb0facdfa15941
2017/12/11 08:50:52 [TRACE] CSRF Token: rT9VVXTJRG790IXqqQ-h0HE0VNY6MTUxMzAwMDI1MjE1MTI4NTE3MQ==
2017/12/11 08:50:52 [TRACE] Session ID: 4f39af9224c6e3ba
2017/12/11 08:50:52 [TRACE] CSRF Token: G2WLo4lHdJhRRWYOQZYPyeCLH2o6MTUxMzAwMDI1MjE5MDE2NDE4Mw==
2017/12/11 08:50:52 [TRACE] Session ID: 756f2c649614d34d
2017/12/11 08:50:52 [TRACE] CSRF Token: ZJC5SZVWU3J24M1U14Sz8GuyU786MTUxMzAwMDI1MjE5ODM3NDQ5Mg==
2017/12/11 08:50:52 [TRACE] HTTPGit - Authenticated user: netapp
2017/12/11 08:50:52 [TRACE] Session ID: 4cd96536053042f9
2017/12/11 08:50:52 [TRACE] CSRF Token: PLoYPzIGEHf28B1DzXgOukgWKo06MTUxMzAwMDI1Mjc2NjExNjcyOQ==
2017/12/11 08:50:52 [TRACE] TriggerTask 'website/master' by 'netapp'
2017/12/11 08:50:52 [TRACE] DeliverHooks [repo_id: 1]
2017/12/11 08:50:52 [TRACE] AddTestPullRequestTask [head_repo_id: 1, head_branch: master]: finding pull requests
2017/12/11 08:50:52 [TRACE] Hook delivery failed: 7cb42a65-bd7a-4921-91e1-5ed3136b790a
2017/12/11 08:50:52 [TRACE] AddTestPullRequestTask [base_repo_id: 1, base_branch: master]: finding pull requests
2017/12/11 08:50:58 [TRACE] Session ID: 6979d548ae86cb7c
2017/12/11 08:50:58 [TRACE] CSRF Token: iWA3Ul0iXehC56RuPyNfFKFocRw6MTUxMzAwMDI1ODU5MzA4MjYyNQ==
2017/12/11 08:50:58 [TRACE] Session ID: f99d7000c7ba1bf0
2017/12/11 08:50:58 [TRACE] CSRF Token: fvi2zhbYYNbQB3BXvTCc-doE3Hw6MTUxMzAwMDI1ODY4NTg5MjQ1Ng==
2017/12/11 08:50:59 [TRACE] Session ID: da49e20fefd6e86e
2017/12/11 08:50:59 [TRACE] CSRF Token: LVB23KPywXcdRjCGQD5K-PzzOXc6MTUxMzAwMDI1OTU5MTg5NTAzOA==
2017/12/11 08:50:59 [TRACE] Session ID: 42e04631cdaca2a0
2017/12/11 08:50:59 [TRACE] CSRF Token: JwyyRr7uC-KuKG4uqvwEAPgqXKk6MTUxMzAwMDI1OTcwMTI3NDU4MQ==
2017/12/11 08:52:59 [TRACE] Session ID: 6ce1202f89907964
2017/12/11 08:52:59 [TRACE] CSRF Token: 3NpE5pl5T1U5RAmPI_LnLe-61ys6MTUxMzAwMDM3OTI5OTQyNTE3Ng==
2017/12/11 08:52:59 [TRACE] Session ID: 2d74ce3353160764
2017/12/11 08:52:59 [TRACE] CSRF Token: FPYtYSNM3gwAlKG_4KxB2Z1l7sU6MTUxMzAwMDM3OTMzMjc3NjQ4NA==
2017/12/11 08:52:59 [TRACE] Session ID: b22d47f5198cc4bc
2017/12/11 08:52:59 [TRACE] CSRF Token: 9IQkhsYYcbKO5Ku_MUZYfeciW686MTUxMzAwMDM3OTM1OTY0NTc0Mg==
2017/12/11 08:52:59 [TRACE] Session ID: 8a944d7c6a153643
2017/12/11 08:52:59 [TRACE] CSRF Token: yxvOISy9lnmi-ZapTACDd7jm9086MTUxMzAwMDM3OTM2ODAwMzkwMQ==
2017/12/11 08:52:59 [TRACE] HTTPGit - Authenticated user: netapp
2017/12/11 08:52:59 [TRACE] Session ID: bb4ced035469f708
2017/12/11 08:52:59 [TRACE] CSRF Token: WeG4Uc4XVOtYNuwf1Cya3YpeLVw6MTUxMzAwMDM3OTkxMjQxMjA5Ng==
2017/12/11 08:52:59 [TRACE] TriggerTask 'website/master' by 'netapp'
2017/12/11 08:52:59 [TRACE] DeliverHooks [repo_id: 1]
2017/12/11 08:52:59 [TRACE] AddTestPullRequestTask [head_repo_id: 1, head_branch: master]: finding pull requests
2017/12/11 08:52:59 [TRACE] Hook delivery failed: 65db2c28-71cb-492a-b402-19c3665547a9
2017/12/11 08:52:59 [TRACE] AddTestPullRequestTask [base_repo_id: 1, base_branch: master]: finding pull requests
2017/12/11 08:53:08 [TRACE] Session ID: acad3a00177bdb4b
2017/12/11 08:53:08 [TRACE] CSRF Token: 3R-q0VUvT3Aoj-kxxeDqm34HC6w6MTUxMzAwMDM4ODg0OTgyNzE0Ng==
2017/12/11 08:53:08 [TRACE] Session ID: 0a77d861bb1191d4
2017/12/11 08:53:08 [TRACE] CSRF Token: cswhmwUX6h9jr8VEEOcNEWbG4Mg6MTUxMzAwMDM4ODk0NTA5MDM3MA==
2017/12/11 08:53:09 [TRACE] Session ID: 09187b78d6d91ed5
2017/12/11 08:53:09 [TRACE] CSRF Token: 2zXEhcrBbmG9PUJniHH59HXRVaI6MTUxMzAwMDM4OTgwNzIxODYzOA==
2017/12/11 08:53:09 [TRACE] Session ID: 92a5c1e475c8db43
2017/12/11 08:53:09 [TRACE] CSRF Token: 6Z1VdmPn--SBgBKlFYqAvcmlFVY6MTUxMzAwMDM4OTg5NTI0NDIzMg==
2017/12/11 08:56:45 [TRACE] Doing: MirrorUpdate
2017/12/11 09:02:33 [TRACE] Session ID: 831ab22182bcd4d1
2017/12/11 09:02:33 [TRACE] CSRF Token: CRe8Caq0nASfrFNPh11VDMoaHBM6MTUxMzAwMDk1Mzg3MjQ0NTIwMw==
2017/12/11 09:05:00 [TRACE] Session ID: 4f6a999489f3167e
2017/12/11 09:05:00 [TRACE] CSRF Token: QgaSKNr3cqvMFDOPzmv9cvwuwHU6MTUxMzAwMTEwMDQ1NDI4OTI5Ng==
2017/12/11 09:06:45 [TRACE] Doing: MirrorUpdate
2017/12/11 09:06:52 [TRACE] Session ID: 776cfee481ca19e4
2017/12/11 09:06:52 [TRACE] CSRF Token: fUOCarZYRqkHGmLmwTnKzZUl2es6MTUxMzAwMTIxMjg2Nzc1MTQ5MQ==
2017/12/11 09:06:52 [TRACE] Session ID: fece25de899b4c47
2017/12/11 09:06:52 [TRACE] CSRF Token: Blsg0-GnfbVx4piGwSa5a1R0SxY6MTUxMzAwMTIxMjkxMTY3NDUxMg==
2017/12/11 09:06:52 [TRACE] Session ID: 7946770de2016d99
2017/12/11 09:06:52 [TRACE] CSRF Token: _sxAqIyg6q9n4gtms3ybrXEJEm46MTUxMzAwMTIxMjk0OTk1NjIzMw==
2017/12/11 09:06:52 [TRACE] Session ID: c11ab201360564af
2017/12/11 09:06:52 [TRACE] CSRF Token: uVjUbgj1ujbExBlyHgkfEUO7f5Q6MTUxMzAwMTIxMjk2MzgxMjU1MQ==
2017/12/11 09:06:53 [TRACE] HTTPGit - Authenticated user: netapp
2017/12/11 09:06:53 [TRACE] Session ID: 78142a9ffb5ccd19
2017/12/11 09:06:53 [TRACE] CSRF Token: 4akgVigmbbqQ-xB4UeGbPA2vA-g6MTUxMzAwMTIxMzYyMDgxMTAwMQ==
2017/12/11 09:06:53 [TRACE] TriggerTask 'website/master' by 'netapp'
2017/12/11 09:06:53 [TRACE] DeliverHooks [repo_id: 1]
2017/12/11 09:06:53 [TRACE] AddTestPullRequestTask [head_repo_id: 1, head_branch: master]: finding pull requests
2017/12/11 09:06:53 [TRACE] Hook delivery failed: 042b74cb-929b-43c8-baa9-9fceb8dc84f8
2017/12/11 09:06:53 [TRACE] AddTestPullRequestTask [base_repo_id: 1, base_branch: master]: finding pull requests
2017/12/11 09:07:02 [TRACE] Session ID: 5a772db9b5e418be
2017/12/11 09:07:02 [TRACE] CSRF Token: b5Sorl7Q2_2vI-9FMNZvxzJypFw6MTUxMzAwMTIyMjgwMDE3OTY4Ng==
2017/12/11 09:07:02 [TRACE] Session ID: 44a34330cbb59e8d
2017/12/11 09:07:02 [TRACE] CSRF Token: NuWFOn-gZke0KIL30OHjyHLV0xM6MTUxMzAwMTIyMjg5MTIyODk1MQ==
2017/12/11 09:07:06 [TRACE] Session ID: 378e96fdd9e2a766
2017/12/11 09:07:06 [TRACE] CSRF Token: 4xCxL4wUoHfqUDvpXhNNQg8msoI6MTUxMzAwMTIyNjQzOTc4NzUzOQ==
2017/12/11 09:07:06 [TRACE] Session ID: 2072e99e57129210
2017/12/11 09:07:06 [TRACE] CSRF Token: ua1UvDBEBa-3DAr11eDHhS-4AM06MTUxMzAwMTIyNjU0NDE0MDY0MQ==
2017/12/11 09:10:00 [TRACE] Session ID: acc7f0029fc11603
2017/12/11 09:10:00 [TRACE] CSRF Token: 3vGi_yoD3a6-W6FwYlY5JosTsOs6MTUxMzAwMTQwMDE3Nzc3MTU1NA==
2017/12/11 09:12:30 [TRACE] Session ID: f6db13553f964e65
2017/12/11 09:12:30 [TRACE] CSRF Token: Szg4EX0g7_2bDDVEMqFAU8VoFMs6MTUxMzAwMTU1MDAyMjc0NjQxNw==
2017/12/11 09:12:44 [TRACE] Session ID: 22dd692f8f4dee60
2017/12/11 09:12:44 [TRACE] CSRF Token: OH9mKYiy5hcidytQYtjeTGPouyU6MTUxMzAwMTU2NDI3OTQyOTM4Mw==
2017/12/11 09:12:44 [TRACE] Session ID: ef46efd8cc72922b
2017/12/11 09:12:44 [TRACE] CSRF Token: hPHUEOPr3BnuwmMsRR_fUFeI9LE6MTUxMzAwMTU2NDMyNTM5MzIxNw==
2017/12/11 09:12:44 [TRACE] Session ID: 275645256994fee5
2017/12/11 09:12:44 [TRACE] CSRF Token: kE4yY4Ahl6jrqISxG2q1RGnpKEQ6MTUxMzAwMTU2NDM2MTc5MTAyOA==
2017/12/11 09:12:44 [TRACE] Session ID: 225fad18b6a05363
2017/12/11 09:12:44 [TRACE] CSRF Token: 7AdEINfqtmDSnbcMalVnjOOe6Zw6MTUxMzAwMTU2NDM3MjgxNjM0Mg==
2017/12/11 09:12:44 [TRACE] HTTPGit - Authenticated user: netapp
2017/12/11 09:12:45 [TRACE] Session ID: 525a0bf6e2aca7cd
2017/12/11 09:12:45 [TRACE] CSRF Token: n5kk_rVOW66xkPUxApPP-kiHPDY6MTUxMzAwMTU2NTA5MzUzNTEzNg==
2017/12/11 09:12:45 [TRACE] TriggerTask 'website/master' by 'netapp'
2017/12/11 09:12:45 [TRACE] DeliverHooks [repo_id: 1]
2017/12/11 09:12:45 [TRACE] AddTestPullRequestTask [head_repo_id: 1, head_branch: master]: finding pull requests
2017/12/11 09:12:45 [TRACE] Hook delivery failed: 5b8ff9f9-500a-4870-9350-7db37efd5dc2
2017/12/11 09:12:45 [TRACE] AddTestPullRequestTask [base_repo_id: 1, base_branch: master]: finding pull requests
2017/12/11 09:12:58 [TRACE] Session ID: 5b5fa22e7e04afc2
2017/12/11 09:12:58 [TRACE] CSRF Token: 4jjBCq1rFEnDhA2jN7Srh2oaxkE6MTUxMzAwMTU3ODY0MTQyNjc0NA==
2017/12/11 09:12:58 [TRACE] Session ID: e4bcc2a661ccca63
2017/12/11 09:12:58 [TRACE] CSRF Token: hReAbgpeqI5ql3lkOV1mZBfyoPo6MTUxMzAwMTU3ODc1NDU1Njg1OA==
2017/12/11 09:13:44 [TRACE] Session ID: 7df2f5d9ddb92604
2017/12/11 09:13:44 [TRACE] CSRF Token: ygE7Nh-BGSEvbkTDDenMv9cz2hU6MTUxMzAwMTYyNDE4MzI2NTAwMA==
2017/12/11 09:13:44 [TRACE] Session ID: e40533540eb56d9b
2017/12/11 09:13:44 [TRACE] CSRF Token: 62sDJIULq-vvcJ74-DY84zRZ0Kw6MTUxMzAwMTYyNDIyNTYwMzM4MA==
2017/12/11 09:13:44 [TRACE] Session ID: fea27a94a47695f7
2017/12/11 09:13:44 [TRACE] CSRF Token: 7ziKa63EY4_gvuwaD5_mkjWxMz86MTUxMzAwMTYyNDI2MjQ1NzI1Mg==
2017/12/11 09:13:44 [TRACE] Session ID: 79a6d60635aab2ce
2017/12/11 09:13:44 [TRACE] CSRF Token: PmSnWsNu7ZG9n9Ipf5PaXAfGwR86MTUxMzAwMTYyNDI3MjIwMzk3Ng==
2017/12/11 09:13:44 [TRACE] HTTPGit - Authenticated user: netapp
2017/12/11 09:13:44 [TRACE] Session ID: cc4247cea3086613
2017/12/11 09:13:44 [TRACE] CSRF Token: OQPOS9ZdE8OmqzedMVGXaNiCz3w6MTUxMzAwMTYyNDg1NjY4NTU2Nw==
2017/12/11 09:13:44 [TRACE] TriggerTask 'website/master' by 'netapp'
2017/12/11 09:13:44 [TRACE] DeliverHooks [repo_id: 1]
2017/12/11 09:13:44 [TRACE] AddTestPullRequestTask [head_repo_id: 1, head_branch: master]: finding pull requests
2017/12/11 09:13:44 [TRACE] Hook delivery failed: 06652a3e-bc46-4a55-9574-df59cec310e9
2017/12/11 09:13:44 [TRACE] AddTestPullRequestTask [base_repo_id: 1, base_branch: master]: finding pull requests
2017/12/11 09:13:52 [TRACE] Session ID: 26629f2532662f83
2017/12/11 09:13:52 [TRACE] CSRF Token: HjF4wxtysJof6Z30Md5Ipx-PXv86MTUxMzAwMTYzMjE3MjIyMTAwNQ==
2017/12/11 09:13:52 [TRACE] Session ID: 13862b49e43565c4
2017/12/11 09:13:52 [TRACE] CSRF Token: ynHyjJ7CBSWarEOg27I8O0iL3046MTUxMzAwMTYzMjI2MjM0NjQ1OQ==
2017/12/11 09:13:53 [TRACE] Session ID: 502fa09a4a638aec
2017/12/11 09:13:53 [TRACE] CSRF Token: kPdf2APpYr9LOMEdu1cjG8zftjw6MTUxMzAwMTYzMzEwODgwMzY5MA==
2017/12/11 09:13:53 [TRACE] Session ID: eaae4243d0c8ea61
2017/12/11 09:13:53 [TRACE] CSRF Token: IsWWNLrPD36P-IeDNn6sI8pS2sc6MTUxMzAwMTYzMzIwNzk2MTUzNg==
2017/12/11 09:15:00 [TRACE] Session ID: f547e0cdd5152788
2017/12/11 09:15:00 [TRACE] CSRF Token: f6-RUefUjD1OS_FMP1Sz42iWxxw6MTUxMzAwMTcwMDE5MzMyNjE2Mg==
2017/12/11 09:15:38 [TRACE] Session ID: 1835ca1a73b4ac8a
2017/12/11 09:15:38 [TRACE] CSRF Token: h4WI3rb4XL-G83W86ftVk61fjcM6MTUxMzAwMTczODMzNDQ2MzY0OA==
2017/12/11 09:15:38 [TRACE] Session ID: 4233d17a38045047
2017/12/11 09:15:38 [TRACE] CSRF Token: FeOHikMkoF7ySVLS5G4HLOL0wNk6MTUxMzAwMTczODM3NzQxMTc2Mg==
2017/12/11 09:15:38 [TRACE] Session ID: bb4b428fcaa6f952
2017/12/11 09:15:38 [TRACE] CSRF Token: 207JVyO8yHoANX7uFLXLlZgwMx86MTUxMzAwMTczODQxMzkyMjkxNQ==
2017/12/11 09:15:38 [TRACE] Session ID: 0b77c2df5bc3d2e2
2017/12/11 09:15:38 [TRACE] CSRF Token: muexoV0h3FsyZo9465GG0DC5WNs6MTUxMzAwMTczODQyMzY3MDYyOQ==
2017/12/11 09:15:38 [TRACE] HTTPGit - Authenticated user: netapp
2017/12/11 09:15:38 [TRACE] Session ID: 0550380bab656827
2017/12/11 09:15:38 [TRACE] CSRF Token: i9fYzRjCY1AguBttulFAtCwU-c86MTUxMzAwMTczODk1ODIwMTUyNg==
2017/12/11 09:15:38 [TRACE] TriggerTask 'website/master' by 'netapp'
2017/12/11 09:15:38 [TRACE] DeliverHooks [repo_id: 1]
2017/12/11 09:15:38 [TRACE] AddTestPullRequestTask [head_repo_id: 1, head_branch: master]: finding pull requests
2017/12/11 09:15:38 [TRACE] AddTestPullRequestTask [base_repo_id: 1, base_branch: master]: finding pull requests
2017/12/11 09:15:38 [TRACE] Hook delivery failed: 3dc55d7a-bcce-4ac5-b2ee-6b5519541c60
2017/12/11 09:15:53 [TRACE] Session ID: c1d47ec5b6e4983f
2017/12/11 09:15:53 [TRACE] CSRF Token: vu4LoDfTryqUYywouzwD5dm2GjU6MTUxMzAwMTc1MzM3MjQwOTE1OA==
2017/12/11 09:15:53 [TRACE] Session ID: 61b9f33e1f2e8d5e
2017/12/11 09:15:53 [TRACE] CSRF Token: hSyJY4_w_cFex5rAI1OPjc1dUf46MTUxMzAwMTc1MzQ5NDUwOTg3MA==
2017/12/11 09:15:54 [TRACE] Session ID: dae8013e76a6d66d
2017/12/11 09:15:54 [TRACE] CSRF Token: Dgc561kEeKDt5ibLtBNyATNWXyQ6MTUxMzAwMTc1NDMzMjMzMDAzNg==
2017/12/11 09:15:54 [TRACE] Session ID: 35c0054dcb841745
2017/12/11 09:15:54 [TRACE] CSRF Token: pNwEKpL9wqF27LRNfwL64eho_hY6MTUxMzAwMTc1NDQzNTUxODczMQ==
2017/12/11 09:16:45 [TRACE] Doing: MirrorUpdate
2017/12/11 09:20:00 [TRACE] Session ID: ff39f98712d49fad
2017/12/11 09:20:00 [TRACE] CSRF Token: 3RDkYvTmlNwNGnxDg058dhrw_is6MTUxMzAwMjAwMDE4OTQ3MTg0OA==
2017/12/11 09:22:54 [TRACE] Session ID: ee0901c60a610fec
2017/12/11 09:22:54 [TRACE] CSRF Token: oDazzbJE9YTQyjP4vHiUqVR9_w86MTUxMzAwMjE3NDY3Njg5NTQzNg==
2017/12/11 09:22:55 [TRACE] Session ID: cd9321f3b92b89c2
2017/12/11 09:22:55 [TRACE] CSRF Token: HL1co7moze4bM669USTNNdDecpI6MTUxMzAwMjE3NTYyMDY5NzEzMg==
2017/12/11 09:24:05 [TRACE] Session ID: 3ddbbd84e6347c5b
2017/12/11 09:24:05 [TRACE] CSRF Token: YRw75iKAJ-T3pxbIOfYphXZxZyA6MTUxMzAwMjI0NTY2NDc1NjAwNg==
2017/12/11 09:24:05 [TRACE] Session ID: e2a856ab909cd3c0
2017/12/11 09:24:05 [TRACE] CSRF Token: iWjmTM8KP2ic0GybbH8aiJg7bKk6MTUxMzAwMjI0NTcwNjIzODM1NQ==
2017/12/11 09:24:05 [TRACE] Session ID: 546e7f03df65dffe
2017/12/11 09:24:05 [TRACE] CSRF Token: Vqx6oXy3UB977uaEH5ZZqfIaXjE6MTUxMzAwMjI0NTc0MjA3ODgxNQ==
2017/12/11 09:24:05 [TRACE] Session ID: b080ac47a86ab24a
2017/12/11 09:24:05 [TRACE] CSRF Token: SuvYMGO3H95hpBhnybbWbTuTbqQ6MTUxMzAwMjI0NTc0ODk2MjM0NQ==
2017/12/11 09:24:05 [TRACE] HTTPGit - Authenticated user: netapp
2017/12/11 09:24:06 [TRACE] Session ID: 7fb369d8c7904bb2
2017/12/11 09:24:06 [TRACE] CSRF Token: tr6PyF6Y1NxfrC0Ohb8GELFINIA6MTUxMzAwMjI0NjI0MTU3NTE5MA==
2017/12/11 09:24:06 [TRACE] TriggerTask 'website/master' by 'netapp'
2017/12/11 09:24:06 [TRACE] DeliverHooks [repo_id: 1]
2017/12/11 09:24:06 [TRACE] AddTestPullRequestTask [head_repo_id: 1, head_branch: master]: finding pull requests
2017/12/11 09:24:06 [TRACE] Hook delivery failed: 036f251a-f39d-44cb-850f-4b0e2c9cdf7d
2017/12/11 09:24:06 [TRACE] AddTestPullRequestTask [base_repo_id: 1, base_branch: master]: finding pull requests
2017/12/11 09:24:31 [TRACE] Session ID: 14fd77105e301b7a
2017/12/11 09:24:31 [TRACE] CSRF Token: SFdrZzyiPu9ZPiVW4m-PwKb2Ix06MTUxMzAwMjI3MTY5MjM2MTEyMw==
2017/12/11 09:24:31 [TRACE] Session ID: 13b20f50e9f6461a
2017/12/11 09:24:31 [TRACE] CSRF Token: ZwW7izYCSQf71tuoSTeASJumv9s6MTUxMzAwMjI3MTc4Mzk2MjgyNw==
2017/12/11 09:24:32 [TRACE] Session ID: 0a71041317e642ee
2017/12/11 09:24:32 [TRACE] CSRF Token: iOgGUBGC-HCT1Qo9VV14avcKUfE6MTUxMzAwMjI3MjU1MTQxOTY0OA==
2017/12/11 09:24:32 [TRACE] Session ID: 0854bd7e504b5c3b
2017/12/11 09:24:32 [TRACE] CSRF Token: evK4_i3OFfCHwbKLxChqNL1cvME6MTUxMzAwMjI3MjY0OTE3Mzc5Mw==
2017/12/11 09:25:00 [TRACE] Session ID: 0ccbf0264275403c
2017/12/11 09:25:00 [TRACE] CSRF Token: KboQHnVE9t3F8xLc7ijVeUq74Uk6MTUxMzAwMjMwMDIwNTkyNDMwMQ==
2017/12/11 09:26:45 [TRACE] Doing: MirrorUpdate
2017/12/11 09:28:16 [TRACE] Session ID: f35e68ef16a53644
2017/12/11 09:28:16 [TRACE] CSRF Token: euV52tjuq_Bd8Cav3OsUxWvbwdw6MTUxMzAwMjQ5NjIxMDYxODU3Ng==
2017/12/11 09:28:16 [TRACE] Session ID: 75b55d41b53ecfa7
2017/12/11 09:28:16 [TRACE] CSRF Token: 3HXVNPO_lzYL7m6qfqiyOX84x9o6MTUxMzAwMjQ5Njc5ODUzNjU1MA==
2017/12/11 09:29:13 [TRACE] Session ID: 3432fc0b05160d39
2017/12/11 09:29:13 [TRACE] CSRF Token: AEOnrC4hDv57p6e23JTnNUSD-OA6MTUxMzAwMjU1MzU0NzE5MjIxMQ==
2017/12/11 09:30:00 [TRACE] Session ID: f5c0dbde31868519
2017/12/11 09:30:00 [TRACE] CSRF Token: 5LALER-gSyfGoKyHH6iZf5OE7UU6MTUxMzAwMjYwMDE5MTM1MDc4OQ==
2017/12/11 09:30:55 [TRACE] Session ID: bf67822d2770f6e3
2017/12/11 09:30:55 [TRACE] CSRF Token: XkZ_4XYuOxzw6_ZaS9Yw2wD7sQc6MTUxMzAwMjY1NTg3NjI3NTc3Mw==
2017/12/11 09:32:24 [TRACE] Session ID: cc71c9fb02fdbd38
2017/12/11 09:32:24 [TRACE] CSRF Token: ItH_msURYJjLGpgkr8GI3KJinrA6MTUxMzAwMjc0NDYzNDc5MzUyMQ==
2017/12/11 09:32:25 [TRACE] Session ID: f295d948436dea92
2017/12/11 09:32:25 [TRACE] CSRF Token: UHDeizZ5m0WCDRwk29RxahJpftc6MTUxMzAwMjc0NTMwNDM1MTE4OA==
2017/12/11 09:35:57 [TRACE] Session ID: 8a72f823f8c231a5
2017/12/11 09:35:57 [TRACE] CSRF Token: 95HEz8W2dDL8rx2qnWHL7aHizUw6MTUxMzAwMjk1NzM3NDY1NzU1NA==
2017/12/11 09:36:42 [TRACE] Doing: MirrorUpdate
2017/12/11 09:38:20 [TRACE] Session ID: ffc814efeb208151
2017/12/11 09:38:20 [TRACE] CSRF Token: YUaLhgENaFpEx-Uz-rtw0gceE4A6MTUxMzAwMzEwMDA3NTAwMjYwNg==
2017/12/11 09:40:57 [TRACE] Session ID: f6cc3f2bdb48d95f
2017/12/11 09:40:57 [TRACE] CSRF Token: KW8WGp6_R8mJBXxVE6w32Q3Bomc6MTUxMzAwMzI1NzM5OTA3ODQ1NQ==
2017/12/11 09:45:34 [TRACE] Session ID: 87c8c4f605a27d2c
2017/12/11 09:45:34 [TRACE] CSRF Token: 13OQnnOWdTP0hJUyTELUkw9ovQI6MTUxMzAwMzUzNDg0NzI1MTY3OQ==
2017/12/11 09:45:34 [TRACE] Session ID: be55b9143489adcb
2017/12/11 09:45:34 [TRACE] CSRF Token: WDm5yOjv1zOvAhs9bkogjvOEQWA6MTUxMzAwMzUzNDg5MDI3ODA5Mw==
2017/12/11 09:45:34 [TRACE] Session ID: 7aa3192a1aacd193
2017/12/11 09:45:34 [TRACE] CSRF Token: Z114rjiAwK1p5sNUUUpGQ-MmbBU6MTUxMzAwMzUzNDkxOTA5NTE5NA==
2017/12/11 09:45:34 [TRACE] Session ID: 674a1f06630079e4
2017/12/11 09:45:34 [TRACE] CSRF Token: 02zjfCTfbJu_MA65E9x-Rz_bQ7w6MTUxMzAwMzUzNDkzMDA2MDM0NQ==
2017/12/11 09:45:34 [TRACE] HTTPGit - Authenticated user: netapp
2017/12/11 09:45:35 [TRACE] Session ID: df9f1f728e5d237c
2017/12/11 09:45:35 [TRACE] CSRF Token: vGVEGhRApVzGsaMnXQvyIyC3jfU6MTUxMzAwMzUzNTUyNzk5OTg1Ng==
2017/12/11 09:45:35 [TRACE] TriggerTask 'website/master' by 'netapp'
2017/12/11 09:45:35 [TRACE] DeliverHooks [repo_id: 1]
2017/12/11 09:45:35 [TRACE] AddTestPullRequestTask [head_repo_id: 1, head_branch: master]: finding pull requests
2017/12/11 09:45:35 [TRACE] Hook delivery failed: 13722ec2-d7d1-40ef-804b-cef5937025c2
2017/12/11 09:45:35 [TRACE] AddTestPullRequestTask [base_repo_id: 1, base_branch: master]: finding pull requests
2017/12/11 09:45:43 [TRACE] Session ID: 34f0a21617128afb
2017/12/11 09:45:43 [TRACE] CSRF Token: Y3EwMzRP3m4ZuBnJfaZLwaPDUTY6MTUxMzAwMzU0Mzg5MzU1NjU2OA==
2017/12/11 09:45:43 [TRACE] Session ID: 3c33cb87440c163d
2017/12/11 09:45:43 [TRACE] CSRF Token: KW4Dya0ZOw-DqCkt5-iE-EdUH_E6MTUxMzAwMzU0Mzk5NzE3NTc4OA==
2017/12/11 09:45:44 [TRACE] Session ID: 3ff9993b2d58bfa7
2017/12/11 09:45:44 [TRACE] CSRF Token: _nlrUL-Xb9QYrVCtcvSU7b0-TXk6MTUxMzAwMzU0NDg0OTMwNzg1Nw==
2017/12/11 09:45:44 [TRACE] Session ID: 2c40b38c9b3e6deb
2017/12/11 09:45:44 [TRACE] CSRF Token: tWnOe43Ia80uPJQy1rJt7SjKljQ6MTUxMzAwMzU0NDk0MDExMDYwMQ==
2017/12/11 09:45:57 [TRACE] Session ID: 96ec8cfe7cb0dfd1
2017/12/11 09:45:57 [TRACE] CSRF Token: oZfiD_pSMu4CtQCBockZVPwJBWk6MTUxMzAwMzU1NzQ2MDIyODk0NQ==
2017/12/11 09:46:42 [TRACE] Doing: MirrorUpdate
2017/12/11 09:46:54 [TRACE] Session ID: 6c5e40a39b29c319
2017/12/11 09:46:54 [TRACE] CSRF Token: il4bRalB1ON7MgZO5eQJ5f-RimU6MTUxMzAwMzYxNDUwMjUyODA4Ng==
2017/12/11 09:47:51 [TRACE] Session ID: 3bb122a65e7ea18e
2017/12/11 09:47:51 [TRACE] CSRF Token: ikEzJJU_xsHKM-a_amjSdgB4lxI6MTUxMjk5ODU2Mjc0NTM1Mjg5NA==
2017/12/11 09:47:51 [TRACE] Template: user/dashboard/dashboard
2017/12/11 09:47:54 [TRACE] Session ID: 3bb122a65e7ea18e
2017/12/11 09:47:54 [TRACE] CSRF Token: ikEzJJU_xsHKM-a_amjSdgB4lxI6MTUxMjk5ODU2Mjc0NTM1Mjg5NA==
2017/12/11 09:47:54 [TRACE] Template: repo/home
2017/12/11 09:47:55 [TRACE] Session ID: 3bb122a65e7ea18e
2017/12/11 09:47:55 [TRACE] CSRF Token: ikEzJJU_xsHKM-a_amjSdgB4lxI6MTUxMjk5ODU2Mjc0NTM1Mjg5NA==
2017/12/11 09:47:56 [TRACE] Template: repo/commits
2017/12/11 09:48:01 [TRACE] Session ID: 3bb122a65e7ea18e
2017/12/11 09:48:01 [TRACE] CSRF Token: ikEzJJU_xsHKM-a_amjSdgB4lxI6MTUxMjk5ODU2Mjc0NTM1Mjg5NA==
2017/12/11 09:48:01 [TRACE] Template: repo/commits
2017/12/11 09:48:03 [TRACE] Session ID: 3bb122a65e7ea18e
2017/12/11 09:48:03 [TRACE] CSRF Token: ikEzJJU_xsHKM-a_amjSdgB4lxI6MTUxMjk5ODU2Mjc0NTM1Mjg5NA==
2017/12/11 09:48:03 [TRACE] Detected encoding: UTF-8 (fast)
2017/12/11 09:48:03 [TRACE] Template: repo/diff/page
2017/12/11 09:48:07 [TRACE] Session ID: 3bb122a65e7ea18e
2017/12/11 09:48:07 [TRACE] CSRF Token: ikEzJJU_xsHKM-a_amjSdgB4lxI6MTUxMjk5ODU2Mjc0NTM1Mjg5NA==
2017/12/11 09:48:07 [TRACE] Detected encoding: UTF-8 (fast)
2017/12/11 09:48:07 [TRACE] Template: repo/diff/page
2017/12/11 09:48:24 [TRACE] Session ID: 3bb122a65e7ea18e
2017/12/11 09:48:24 [TRACE] CSRF Token: ikEzJJU_xsHKM-a_amjSdgB4lxI6MTUxMjk5ODU2Mjc0NTM1Mjg5NA==
2017/12/11 09:48:25 [TRACE] Template: repo/settings/options
2017/12/11 09:48:27 [TRACE] Session ID: 3bb122a65e7ea18e
2017/12/11 09:48:27 [TRACE] CSRF Token: ikEzJJU_xsHKM-a_amjSdgB4lxI6MTUxMjk5ODU2Mjc0NTM1Mjg5NA==
2017/12/11 09:48:27 [TRACE] Template: repo/home
2017/12/11 09:48:49 [TRACE] Session ID: 92f9737128d9023e
2017/12/11 09:48:49 [TRACE] CSRF Token: 9lW0ZK-ZxiFaDSTK-cy1QjiazcQ6MTUxMzAwMzcyOTczMjM0Njk4Nw==
2017/12/11 09:48:49 [TRACE] Session ID: b2910490f4fb2ec8
2017/12/11 09:48:49 [TRACE] CSRF Token: qiebOkBEHR_VnFogZM3ffph131Y6MTUxMzAwMzcyOTc3MjU2NzY0NA==
2017/12/11 09:48:49 [TRACE] Session ID: cdf8f4a6fd2efe96
2017/12/11 09:48:49 [TRACE] CSRF Token: VtBthiEZTCti9O5xlq2QVQoMUHw6MTUxMzAwMzcyOTgwMjE3NjAwNw==
2017/12/11 09:48:49 [TRACE] Session ID: 9ec5af026fcfb7ab
2017/12/11 09:48:49 [TRACE] CSRF Token: neSfpmztDBX7d8qas9YzLXEB1eE6MTUxMzAwMzcyOTgxNDg0Njc0Nw==
2017/12/11 09:48:49 [TRACE] HTTPGit - Authenticated user: netapp
2017/12/11 09:48:50 [TRACE] Session ID: ca8123517f339ccf
2017/12/11 09:48:50 [TRACE] CSRF Token: c3DKv2mUA8cgky2FBGvtg1wC7e86MTUxMzAwMzczMDQ2MDkxNzAwMA==
2017/12/11 09:48:50 [TRACE] TriggerTask 'website/master' by 'netapp'
2017/12/11 09:48:50 [TRACE] DeliverHooks [repo_id: 1]
2017/12/11 09:48:50 [TRACE] AddTestPullRequestTask [head_repo_id: 1, head_branch: master]: finding pull requests
2017/12/11 09:48:50 [TRACE] AddTestPullRequestTask [base_repo_id: 1, base_branch: master]: finding pull requests
2017/12/11 09:48:50 [TRACE] Hook delivery failed: 81b61e7f-f79d-4a32-a849-628ce043be51
2017/12/11 09:49:02 [TRACE] Session ID: b57d7f097eb7337b
2017/12/11 09:49:02 [TRACE] CSRF Token: 1PecmA1P-L2BDcr3QKRrxgV4mAQ6MTUxMzAwMzc0MjUyNzI3NzE3Mg==
2017/12/11 09:49:02 [TRACE] Session ID: db7b34749c28f8c8
2017/12/11 09:49:02 [TRACE] CSRF Token: KEo5WKTFsyjIqkQEAgsyywQzVXQ6MTUxMzAwMzc0MjY0MDUwNjk0OA==
2017/12/11 09:49:03 [TRACE] Session ID: 80c10158a044cb1c
2017/12/11 09:49:03 [TRACE] CSRF Token: puR8zTV0tqEBfHHV45ZIJqL0ABQ6MTUxMzAwMzc0MzQ1MTg3Nzg4NA==
2017/12/11 09:49:03 [TRACE] Session ID: 3abe03cbdb1d06c7
2017/12/11 09:49:03 [TRACE] CSRF Token: lAZHGniU-E8YVQJK9kxxxY48KqY6MTUxMzAwMzc0MzU0NTM2OTQ1OA==
2017/12/11 09:50:57 [TRACE] Session ID: d28c792d286e1fc9
2017/12/11 09:50:57 [TRACE] CSRF Token: NDMD9qssZXZD3jjaiZa339oc9EA6MTUxMzAwMzg1NzM4NDkyMDc1MQ==
2017/12/11 09:55:57 [TRACE] Session ID: 5b2c058aa608df9c
2017/12/11 09:55:57 [TRACE] CSRF Token: azLGdJHsZKpmXbWn1XJAnAbTEmg6MTUxMzAwNDE1NzQzNzkyNjExOA==
2017/12/11 09:56:42 [TRACE] Doing: MirrorUpdate
2017/12/11 09:58:43 [TRACE] Session ID: 8a7f947969d3321f
2017/12/11 09:58:43 [TRACE] CSRF Token: PJen8oQVDKbrI7_wSwOd-wWZFa06MTUxMzAwNDMyMzc5OTg1MTU5NA==
2017/12/11 09:58:43 [TRACE] Session ID: 07fa8ec2ea126aa2
2017/12/11 09:58:43 [TRACE] CSRF Token: ZtvP8CK2l2xjtJVxMVx-Qxlqfwk6MTUxMzAwNDMyMzgzNzUxMTYxNg==
2017/12/11 09:58:43 [TRACE] Session ID: aec1df90657aeb57
2017/12/11 09:58:43 [TRACE] CSRF Token: aHvtc2ZWhoIUHcwNB6VBzKxVy_86MTUxMzAwNDMyMzg2NTUyMzY2Mg==
2017/12/11 09:58:43 [TRACE] Session ID: ed1572d3e1b1c48a
2017/12/11 09:58:43 [TRACE] CSRF Token: XwVzNuQeVOmKL94fU0o2BbRzVSk6MTUxMzAwNDMyMzg3NzIwOTY5Mw==
2017/12/11 09:58:43 [TRACE] HTTPGit - Authenticated user: netapp
2017/12/11 09:58:44 [TRACE] Session ID: 008852df9b6b8b32
2017/12/11 09:58:44 [TRACE] CSRF Token: PpQTHcMLwH3soTBNz1kxPlVVRGc6MTUxMzAwNDMyNDQyOTIwNTYyMg==
2017/12/11 09:58:44 [TRACE] TriggerTask 'website/master' by 'netapp'
2017/12/11 09:58:44 [TRACE] DeliverHooks [repo_id: 1]
2017/12/11 09:58:44 [TRACE] AddTestPullRequestTask [head_repo_id: 1, head_branch: master]: finding pull requests
2017/12/11 09:58:44 [TRACE] Hook delivery failed: a3ec4caa-fb53-4fda-b44b-2ec593eb5820
2017/12/11 09:58:44 [TRACE] AddTestPullRequestTask [base_repo_id: 1, base_branch: master]: finding pull requests
2017/12/11 09:58:49 [TRACE] Session ID: b08812a3afd4c048
2017/12/11 09:58:49 [TRACE] CSRF Token: KuDqt7FN6rjTu0XmiFWl06LgkKU6MTUxMzAwNDMyOTY5MzM2ODA1NQ==
2017/12/11 09:58:49 [TRACE] Session ID: c911d7c14d4c8e09
2017/12/11 09:58:49 [TRACE] CSRF Token: 01TDad6lVpRCPYvSlJzKKQ8qpMk6MTUxMzAwNDMyOTc5MDAyNTQwMg==
2017/12/11 09:58:50 [TRACE] Session ID: 3e58baa1d9167d5b
2017/12/11 09:58:50 [TRACE] CSRF Token: f3BrmYvuzLv2tTVI1So9CQWrxbM6MTUxMzAwNDMzMDkxNDc0NTA4Nw==
2017/12/11 09:58:51 [TRACE] Session ID: 4f1eb61ffde31c24
2017/12/11 09:58:51 [TRACE] CSRF Token: i6lfgGZS8NfwxjDirSX1mfU56P46MTUxMzAwNDMzMTAyMDIyNTI0MQ==
2017/12/11 10:00:57 [TRACE] Session ID: d088ba5862f43744
2017/12/11 10:00:57 [TRACE] CSRF Token: Po3PnoK_iT9kiAZoje7C2lnjWiA6MTUxMzAwNDQ1NzM5NzE4NzU4MA==
2017/12/11 10:01:07 [TRACE] Session ID: 53a473f0a2e0d87e
2017/12/11 10:01:07 [TRACE] CSRF Token: zpiXrs17Ez4m8mUGdRhVu3kQ5zQ6MTUxMzAwNDQ2Nzk0MzcyNzI0MQ==
2017/12/11 10:01:07 [TRACE] Session ID: 85570885dd460302
2017/12/11 10:01:07 [TRACE] CSRF Token: jbMyrjreWnUpuhT0rOrUIwmjBMg6MTUxMzAwNDQ2Nzk3Nzg2ODA1MA==
2017/12/11 10:01:08 [TRACE] Session ID: fd5a3c551f7d3098
2017/12/11 10:01:08 [TRACE] CSRF Token: DzapQ3SfZFZKf2YlV0QCFNLK_rc6MTUxMzAwNDQ2ODAwNDQ2NzI5NA==
2017/12/11 10:01:08 [TRACE] Session ID: 1a5211e935344cec
2017/12/11 10:01:08 [TRACE] CSRF Token: qk72ws2HAISCKaV1tJf15uDkPcM6MTUxMzAwNDQ2ODAxMjc2NzA3Mw==
2017/12/11 10:01:08 [TRACE] HTTPGit - Authenticated user: netapp
2017/12/11 10:01:08 [TRACE] Session ID: d9628c0dce420eed
2017/12/11 10:01:08 [TRACE] CSRF Token: M1oZz9btxk5AYyRS5qBvnKRBstM6MTUxMzAwNDQ2ODYwMzMyNDI4NQ==
2017/12/11 10:01:08 [TRACE] TriggerTask 'website/master' by 'netapp'
2017/12/11 10:01:08 [TRACE] DeliverHooks [repo_id: 1]
2017/12/11 10:01:08 [TRACE] AddTestPullRequestTask [head_repo_id: 1, head_branch: master]: finding pull requests
2017/12/11 10:01:08 [TRACE] Hook delivery failed: 804ffb3d-d939-4ce4-96ff-95ad29ad0979
2017/12/11 10:01:08 [TRACE] AddTestPullRequestTask [base_repo_id: 1, base_branch: master]: finding pull requests
2017/12/11 10:01:18 [TRACE] Session ID: 8a7274ef4e3ef8e9
2017/12/11 10:01:18 [TRACE] CSRF Token: 07Q1opHoAarMawC6-2QRGh4mefo6MTUxMzAwNDQ3ODM5NTEwNzQ2Nw==
2017/12/11 10:01:18 [TRACE] Session ID: 25728cbee602b098
2017/12/11 10:01:18 [TRACE] CSRF Token: qQU31IGOVeuzhOUz5E2b66lSY906MTUxMzAwNDQ3ODUwOTUwOTAyMw==
2017/12/11 10:01:19 [TRACE] Session ID: 44f9f52ee3e1b3ae
2017/12/11 10:01:19 [TRACE] CSRF Token: 0zJJrVHOMLvtX0ZbvDJCSK6j8r06MTUxMzAwNDQ3OTM2NTY5OTQwOQ==
2017/12/11 10:01:19 [TRACE] Session ID: 9b29f6878cd60d1b
2017/12/11 10:01:19 [TRACE] CSRF Token: Sdh7tcg9BPaqg1SOUddFmfwe1v46MTUxMzAwNDQ3OTQ3NjUxNTQ5NQ==
2017/12/11 11:12:01 [TRACE] Log Mode: File (Trace)
2017/12/11 11:12:01 [ INFO] Gogs 0.11.34.1122
2017/12/11 11:12:01 [ INFO] Cache Service Enabled
2017/12/11 11:12:01 [ INFO] Session Service Enabled
2017/12/11 11:12:01 [ INFO] Git Version: 2.11.3
2017/12/11 11:12:01 [ INFO] SQLite3 Supported
2017/12/11 11:12:01 [ INFO] Run Mode: Production
2017/12/11 11:12:01 [TRACE] Doing: CheckRepoStats
2017/12/11 11:12:01 [ INFO] Listen: http://0.0.0.0:3000
2017/12/11 11:13:02 [TRACE] Session ID: d29d21d60fdb2a7e
2017/12/11 11:13:02 [TRACE] CSRF Token: jskIU7xzEy0uZLf_gMwDOcLxdA06MTUxMzAwODc4MjU2MTIwOTkzNA==
2017/12/11 11:13:06 [TRACE] Session ID: 56649cc058db9a17
2017/12/11 11:13:06 [TRACE] CSRF Token: hIl6thWJ9WJcFCwpblvPToOsfrE6MTUxMzAwODc4NjExMDI1MjI4Nw==
2017/12/11 11:14:57 [TRACE] Session ID: 0896bb59cc579751
2017/12/11 11:14:57 [TRACE] CSRF Token: aSeDuAJRu1l4mml5Cj8hH80wz8c6MTUxMzAwODg5NzcyNjY5OTQ4OA==
2017/12/11 11:14:57 [TRACE] Session ID: 5e1810ee43e3c24a
2017/12/11 11:14:57 [TRACE] CSRF Token: YCFgLWRh1Xn_x4TAtbvS246qRUk6MTUxMzAwODg5Nzc3Nzc0MjAxNQ==
2017/12/11 11:14:57 [TRACE] Session ID: 3f3335e95cd581a8
2017/12/11 11:14:57 [TRACE] CSRF Token: nLNxLMRrVRwsm7H4vSNt3L-Sffc6MTUxMzAwODg5NzgwOTQzMDM0Ng==
2017/12/11 11:14:57 [TRACE] Session ID: a4bb0647a1aca7f3
2017/12/11 11:14:57 [TRACE] CSRF Token: iXE9S55XMGWECikFAS5YQ1YU-PM6MTUxMzAwODg5NzgyMDUzMjk5Nw==
2017/12/11 11:14:57 [TRACE] HTTPGit - Authenticated user: netapp
2017/12/11 11:14:59 [TRACE] Session ID: 1cc9e631a9b090f6
2017/12/11 11:14:59 [TRACE] CSRF Token: iS1tITpx-F61vaZz9lkJREBOCBk6MTUxMzAwODg5OTUwNDkzMTUwNA==
2017/12/11 11:14:59 [TRACE] TriggerTask 'website/master' by 'netapp'
2017/12/11 11:14:59 [TRACE] DeliverHooks [repo_id: 1]
2017/12/11 11:14:59 [TRACE] AddTestPullRequestTask [head_repo_id: 1, head_branch: master]: finding pull requests
2017/12/11 11:14:59 [TRACE] AddTestPullRequestTask [base_repo_id: 1, base_branch: master]: finding pull requests
2017/12/11 11:14:59 [TRACE] Hook delivery failed: 3081ae28-51dc-485c-8ee6-93c275e0d074
2017/12/11 11:15:00 [TRACE] Session ID: eca64c288dbb5db7
2017/12/11 11:15:00 [TRACE] CSRF Token: ssGvt24lMrOTi9yeV0iyhpb8Y4s6MTUxMzAwODkwMDYzOTE0MjkzMw==
2017/12/11 11:15:10 [TRACE] Session ID: 9e9c9dd1409da8c2
2017/12/11 11:15:10 [TRACE] CSRF Token: E1ICTSjhY-_3NDtBsQ6h0Bzrwn06MTUxMzAwODkxMDg0OTY1ODcwOA==
2017/12/11 11:15:10 [TRACE] Session ID: 697cb08f2311d39e
2017/12/11 11:15:10 [TRACE] CSRF Token: NvcsVEoZfrplfJENY0CzcVYssNA6MTUxMzAwODkxMDk1OTA0MTQyNQ==
2017/12/11 11:15:11 [TRACE] Session ID: 3c4d0175ff7b0f92
2017/12/11 11:15:11 [TRACE] CSRF Token: uIbCQ_-G4HG_Xwor8LINpJOkhM86MTUxMzAwODkxMTg3NzUzMDc2NA==
2017/12/11 11:15:11 [TRACE] Session ID: 5f45bb51d65856ed
2017/12/11 11:15:11 [TRACE] CSRF Token: mAhhRa9mo_GGvXpe6I6KMMmLwnY6MTUxMzAwODkxMTk4NjI2NjM1Ng==
2017/12/11 11:17:49 [TRACE] Session ID: bf4195290e873487
2017/12/11 11:17:49 [TRACE] CSRF Token: 350peXOfHv0hkqZtsHqlIMJbivo6MTUxMzAwOTA2OTI1MzEzOTU4MQ==
2017/12/11 11:18:37 [TRACE] Session ID: 3bb122a65e7ea18e
2017/12/11 11:18:37 [TRACE] CSRF Token: ikEzJJU_xsHKM-a_amjSdgB4lxI6MTUxMjk5ODU2Mjc0NTM1Mjg5NA==
2017/12/11 11:18:37 [TRACE] Template: user/dashboard/dashboard
2017/12/11 11:18:37 [TRACE] Session ID: 3bb122a65e7ea18e
2017/12/11 11:18:37 [TRACE] CSRF Token: ikEzJJU_xsHKM-a_amjSdgB4lxI6MTUxMjk5ODU2Mjc0NTM1Mjg5NA==
2017/12/11 11:18:37 [TRACE] Template: user/dashboard/dashboard
2017/12/11 11:18:45 [TRACE] Session ID: 3bb122a65e7ea18e
2017/12/11 11:18:45 [TRACE] CSRF Token: ikEzJJU_xsHKM-a_amjSdgB4lxI6MTUxMjk5ODU2Mjc0NTM1Mjg5NA==
2017/12/11 11:18:45 [TRACE] Template: repo/home
2017/12/11 11:18:47 [TRACE] Session ID: 3bb122a65e7ea18e
2017/12/11 11:18:47 [TRACE] CSRF Token: ikEzJJU_xsHKM-a_amjSdgB4lxI6MTUxMjk5ODU2Mjc0NTM1Mjg5NA==
2017/12/11 11:18:47 [TRACE] Template: repo/settings/options
2017/12/11 11:18:48 [TRACE] Session ID: 3bb122a65e7ea18e
2017/12/11 11:18:48 [TRACE] CSRF Token: ikEzJJU_xsHKM-a_amjSdgB4lxI6MTUxMjk5ODU2Mjc0NTM1Mjg5NA==
2017/12/11 11:18:48 [TRACE] Template: repo/settings/webhook/base
2017/12/11 11:18:57 [TRACE] Session ID: 3bb122a65e7ea18e
2017/12/11 11:18:57 [TRACE] CSRF Token: ikEzJJU_xsHKM-a_amjSdgB4lxI6MTUxMjk5ODU2Mjc0NTM1Mjg5NA==
2017/12/11 11:18:57 [TRACE] Template: repo/settings/webhook/new
2017/12/11 11:20:00 [TRACE] Session ID: 1871e427a2928b53
2017/12/11 11:20:00 [TRACE] CSRF Token: 29x8DFDuqPhYCO-w_ojXzwXGRCc6MTUxMzAwOTIwMDY0OTc4NDkyNg==
2017/12/11 11:22:01 [TRACE] Doing: MirrorUpdate
2017/12/11 11:22:28 [TRACE] Session ID: 2e99d779081918d4
2017/12/11 11:22:28 [TRACE] CSRF Token: ip6bh0BdxbqONwGNvOY0p3X65aM6MTUxMzAwOTM0ODcxODQzNjQ2MA==
2017/12/11 11:22:28 [TRACE] Session ID: 6d9e148f34a90de6
2017/12/11 11:22:28 [TRACE] CSRF Token: AjVEWhTZemg1IvzCfYi9VkPHuUg6MTUxMzAwOTM0ODc2ODc3Nzg4OQ==
2017/12/11 11:22:28 [TRACE] Session ID: 9284f1e1bc46122a
2017/12/11 11:22:28 [TRACE] CSRF Token: 39YpJ6dNHRD6ANNu6LZQbEpEqr86MTUxMzAwOTM0ODgwMTMxNDMyMg==
2017/12/11 11:22:28 [TRACE] Session ID: 6d21874cc32748c6
2017/12/11 11:22:28 [TRACE] CSRF Token: v5WJMO2GrVkgooZ_v4cd9l76x4I6MTUxMzAwOTM0ODgxMjc2MTY5MA==
2017/12/11 11:22:28 [TRACE] HTTPGit - Authenticated user: netapp
2017/12/11 11:22:29 [TRACE] Session ID: 65950c6faca77917
2017/12/11 11:22:29 [TRACE] CSRF Token: QzeaJa_9nttz5Vn8-UpkVgoUOh06MTUxMzAwOTM0OTUyNTU4MDI1NA==
2017/12/11 11:22:29 [TRACE] TriggerTask 'website/master' by 'netapp'
2017/12/11 11:22:29 [TRACE] DeliverHooks [repo_id: 1]
2017/12/11 11:22:29 [TRACE] AddTestPullRequestTask [head_repo_id: 1, head_branch: master]: finding pull requests
2017/12/11 11:22:29 [TRACE] Hook delivery failed: e55a64aa-ebcb-469f-bb1e-a75f70b00eab
2017/12/11 11:22:29 [TRACE] AddTestPullRequestTask [base_repo_id: 1, base_branch: master]: finding pull requests
2017/12/11 11:25:00 [TRACE] Session ID: 034ff594018cec21
2017/12/11 11:25:00 [TRACE] CSRF Token: F1Ju8WoUFKZVSxRkeCGFykvDz_A6MTUxMzAwOTUwMDYwMjY4ODgzNQ==
2017/12/11 11:25:10 [TRACE] Session ID: d341734ff7b1a2e9
2017/12/11 11:25:10 [TRACE] CSRF Token: 9mnXT9-RsOl84-IafCSrEY-jICQ6MTUxMzAwOTUxMDc4NDUwNDY3NA==
2017/12/11 11:25:10 [TRACE] Session ID: 881a68d14b46c844
2017/12/11 11:25:10 [TRACE] CSRF Token: HIaYC6KwMaGEGlBtRH1lBSpZXmw6MTUxMzAwOTUxMDg4NDU1NTY3NQ==
2017/12/11 11:25:11 [TRACE] Session ID: cc3a0c20ac37e240
2017/12/11 11:25:11 [TRACE] CSRF Token: C27oP_WSl9dsIXsJuZejt3uWVdY6MTUxMzAwOTUxMTY0OTIyMzg1OQ==
2017/12/11 11:25:11 [TRACE] Session ID: 3267176f98de2aaf
2017/12/11 11:25:11 [TRACE] CSRF Token: KIThLJ2wPjxJrsH1QPLmkRh78qo6MTUxMzAwOTUxMTc1MTY3ODU3OQ==
2017/12/11 12:15:32 [TRACE] Log Mode: File (Trace)
2017/12/11 12:15:32 [ INFO] Gogs 0.11.34.1122
2017/12/11 12:15:32 [ INFO] Cache Service Enabled
2017/12/11 12:15:32 [ INFO] Session Service Enabled
2017/12/11 12:15:32 [ INFO] Git Version: 2.11.3
2017/12/11 12:15:32 [ INFO] SQLite3 Supported
2017/12/11 12:15:32 [ INFO] Run Mode: Production
2017/12/11 12:15:32 [TRACE] Doing: CheckRepoStats
2017/12/11 12:15:32 [ INFO] Listen: http://0.0.0.0:3000
2017/12/11 12:19:19 [TRACE] Session ID: 93c6b640e42c7bf8
2017/12/11 12:19:19 [TRACE] CSRF Token: s8JBPqpsTUTRN0j9NUltcJNM6Jc6MTUxMzAxMjc1OTI2NDQ4MzE2MQ==
2017/12/11 12:19:19 [TRACE] Template: home
2017/12/11 12:23:27 [TRACE] Log Mode: File (Trace)
2017/12/11 12:23:27 [ INFO] Gogs 0.11.34.1122
2017/12/11 12:23:27 [ INFO] Cache Service Enabled
2017/12/11 12:23:27 [ INFO] Session Service Enabled
2017/12/11 12:23:27 [ INFO] Git Version: 2.11.3
2017/12/11 12:23:27 [ INFO] SQLite3 Supported
2017/12/11 12:23:27 [ INFO] Run Mode: Production
2017/12/11 12:23:27 [TRACE] Doing: CheckRepoStats
2017/12/11 12:23:27 [ INFO] Listen: http://0.0.0.0:3000
2017/12/11 12:24:11 [TRACE] Log Mode: File (Trace)
2017/12/11 12:24:11 [ INFO] Gogs 0.11.34.1122
2017/12/11 12:24:11 [ INFO] Cache Service Enabled
2017/12/11 12:24:11 [ INFO] Session Service Enabled
2017/12/11 12:24:12 [ INFO] Git Version: 2.11.3
2017/12/11 12:24:12 [ INFO] SQLite3 Supported
2017/12/11 12:24:12 [ INFO] Run Mode: Production
2017/12/11 12:24:12 [TRACE] Doing: CheckRepoStats
2017/12/11 12:24:12 [ INFO] Listen: http://0.0.0.0:3000
2017/12/11 12:24:55 [TRACE] Session ID: 70b29d1913d6838d
2017/12/11 12:24:55 [TRACE] CSRF Token: 1FrZh_cy7vayj_UaJSz_FVHZNDE6MTUxMzAxMzA5NTIwODc4MzAxMQ==
2017/12/11 12:28:45 [TRACE] Session ID: 3bb122a65e7ea18e
2017/12/11 12:28:45 [TRACE] CSRF Token: ikEzJJU_xsHKM-a_amjSdgB4lxI6MTUxMjk5ODU2Mjc0NTM1Mjg5NA==
2017/12/11 12:28:45 [TRACE] Template: user/dashboard/dashboard
2017/12/11 12:28:48 [TRACE] Session ID: 3bb122a65e7ea18e
2017/12/11 12:28:48 [TRACE] CSRF Token: ikEzJJU_xsHKM-a_amjSdgB4lxI6MTUxMjk5ODU2Mjc0NTM1Mjg5NA==
2017/12/11 12:28:48 [TRACE] Template: repo/home
2017/12/11 12:28:54 [TRACE] Session ID: 2f0dd9ad9d5f3429
2017/12/11 12:28:54 [TRACE] CSRF Token: N9Pp8k8z8cyrpJBgiEhlDiu6HIE6MTUxMzAxMzMzNDk0OTQxMTY2Nw==
2017/12/11 12:29:03 [TRACE] Session ID: 596ca87251151ee2
2017/12/11 12:29:03 [TRACE] CSRF Token: 10yL35ULDXmKfGG_NB9jL1toQ6E6MTUxMzAxMzM0MzE0MjQ1Nzk3Mg==
2017/12/11 12:29:03 [TRACE] Session ID: edfc261bd603e60b
2017/12/11 12:29:03 [TRACE] CSRF Token: tgX0q4VwJ6upDPSMJ4TdFsKqwu46MTUxMzAxMzM0MzIyNTUxMjY2OA==
2017/12/11 12:29:07 [TRACE] Session ID: 4becbb50d63cb120
2017/12/11 12:29:07 [TRACE] CSRF Token: BNX4N5XpaQTBrqQC9m-lELHbeao6MTUxMzAxMzM0NzM2NDUyNDgwOQ==
2017/12/11 12:30:07 [TRACE] Session ID: bd6d4521d5010e0a
2017/12/11 12:30:07 [TRACE] CSRF Token: sH9nQQhXvV_2SHb8Ro691MCtQW06MTUxMzAxMzQwNzY4MTgwODIyNg==
2017/12/11 12:30:08 [TRACE] Session ID: d00eefbe16fd499e
2017/12/11 12:30:08 [TRACE] CSRF Token: JFH3y2iCDzvkPDXLNWzbxp4WmOA6MTUxMzAxMzQwODUzNjI5NzQ4Mg==
2017/12/11 12:34:12 [TRACE] Doing: MirrorUpdate
2017/12/11 12:35:45 [TRACE] Session ID: 3bb122a65e7ea18e
2017/12/11 12:35:45 [TRACE] CSRF Token: ikEzJJU_xsHKM-a_amjSdgB4lxI6MTUxMjk5ODU2Mjc0NTM1Mjg5NA==
2017/12/11 12:35:45 [TRACE] Template: repo/commits
2017/12/11 12:44:12 [TRACE] Doing: MirrorUpdate
2017/12/11 12:54:12 [TRACE] Doing: MirrorUpdate
2017/12/11 12:56:33 [TRACE] Session ID: 3bb122a65e7ea18e
2017/12/11 12:56:33 [TRACE] CSRF Token: ikEzJJU_xsHKM-a_amjSdgB4lxI6MTUxMjk5ODU2Mjc0NTM1Mjg5NA==
2017/12/11 12:56:33 [TRACE] Template: user/dashboard/dashboard
2017/12/11 12:56:35 [TRACE] Session ID: 3bb122a65e7ea18e
2017/12/11 12:56:35 [TRACE] CSRF Token: ikEzJJU_xsHKM-a_amjSdgB4lxI6MTUxMjk5ODU2Mjc0NTM1Mjg5NA==
2017/12/11 12:56:36 [TRACE] Template: repo/home
2017/12/11 12:56:48 [TRACE] Session ID: f8d16d1dc06bccad
2017/12/11 12:56:48 [TRACE] CSRF Token: z3hhvNcCAobkT_Fh50Mr0HqGoIA6MTUxMzAxNTAwODk2MjM0NzMyNQ==
2017/12/11 12:57:17 [TRACE] Session ID: 7b489b9c10da7ecb
2017/12/11 12:57:17 [TRACE] CSRF Token: jghuCG_1180e3wTCGQOZQvkCZ9w6MTUxMzAxNTAzNzIwMjc3ODAxNg==
2017/12/11 12:57:17 [TRACE] Session ID: 0e9a774cb281532c
2017/12/11 12:57:17 [TRACE] CSRF Token: 93FOS8ipapIpCAMH4sGOQLMGlHE6MTUxMzAxNTAzNzI5MzAyOTU4MQ==
2017/12/11 12:57:21 [TRACE] Session ID: 2715ef1bdceba7ec
2017/12/11 12:57:21 [TRACE] CSRF Token: FtVo2MwEo63GrYFBugVwHcMHAFU6MTUxMzAxNTA0MTg3NzU5Mzk0MA==
2017/12/11 12:57:21 [TRACE] Session ID: 529c2040c7f99ff0
2017/12/11 12:57:21 [TRACE] CSRF Token: p81gJTD-gX7_YSphIr4PZfvMtK86MTUxMzAxNTA0MTk2Nzg0OTA5NA==
2017/12/11 12:57:23 [TRACE] Session ID: 2853d28624079722
2017/12/11 12:57:23 [TRACE] CSRF Token: NY2moy_2-2WNN8XSZtNU2BMYm1M6MTUxMzAxNTA0MzA2MTQzMzc5Nw==
2017/12/11 13:14:55 [TRACE] Log Mode: File (Trace)
2017/12/11 13:14:55 [ INFO] Gogs 0.11.34.1122
2017/12/11 13:14:55 [ INFO] Cache Service Enabled
2017/12/11 13:14:55 [ INFO] Session Service Enabled
2017/12/11 13:14:55 [ INFO] Git Version: 2.11.3
2017/12/11 13:14:55 [ INFO] SQLite3 Supported
2017/12/11 13:14:55 [ INFO] Run Mode: Production
2017/12/11 13:14:55 [TRACE] Doing: CheckRepoStats
2017/12/11 13:14:56 [ INFO] Listen: http://0.0.0.0:3000
2017/12/11 13:14:56 [TRACE] Session ID: 3bb122a65e7ea18e
2017/12/11 13:14:56 [TRACE] CSRF Token: ikEzJJU_xsHKM-a_amjSdgB4lxI6MTUxMjk5ODU2Mjc0NTM1Mjg5NA==
2017/12/11 13:14:56 [TRACE] Template: user/dashboard/dashboard
2017/12/11 13:14:59 [TRACE] Session ID: 3bb122a65e7ea18e
2017/12/11 13:14:59 [TRACE] CSRF Token: ikEzJJU_xsHKM-a_amjSdgB4lxI6MTUxMjk5ODU2Mjc0NTM1Mjg5NA==
2017/12/11 13:15:00 [TRACE] Template: repo/home
2017/12/11 13:15:03 [TRACE] Session ID: 3bb122a65e7ea18e
2017/12/11 13:15:03 [TRACE] CSRF Token: ikEzJJU_xsHKM-a_amjSdgB4lxI6MTUxMjk5ODU2Mjc0NTM1Mjg5NA==
2017/12/11 13:15:03 [TRACE] Template: repo/settings/options
2017/12/11 13:15:13 [TRACE] Session ID: 3bb122a65e7ea18e
2017/12/11 13:15:13 [TRACE] CSRF Token: ikEzJJU_xsHKM-a_amjSdgB4lxI6MTUxMjk5ODU2Mjc0NTM1Mjg5NA==
2017/12/11 13:15:14 [TRACE] Repository deleted: netapp/website
2017/12/11 13:15:14 [TRACE] Session ID: 3bb122a65e7ea18e
2017/12/11 13:15:14 [TRACE] CSRF Token: ikEzJJU_xsHKM-a_amjSdgB4lxI6MTUxMjk5ODU2Mjc0NTM1Mjg5NA==
2017/12/11 13:15:14 [TRACE] Template: user/dashboard/dashboard
2017/12/11 13:15:20 [TRACE] Session ID: 3bb122a65e7ea18e
2017/12/11 13:15:20 [TRACE] CSRF Token: ikEzJJU_xsHKM-a_amjSdgB4lxI6MTUxMjk5ODU2Mjc0NTM1Mjg5NA==
2017/12/11 13:15:20 [TRACE] Template: repo/create
2017/12/11 13:15:25 [TRACE] Session ID: 3bb122a65e7ea18e
2017/12/11 13:15:25 [TRACE] CSRF Token: ikEzJJU_xsHKM-a_amjSdgB4lxI6MTUxMjk5ODU2Mjc0NTM1Mjg5NA==
2017/12/11 13:15:25 [TRACE] Repository created [2]: netapp/website
2017/12/11 13:15:25 [TRACE] Session ID: 3bb122a65e7ea18e
2017/12/11 13:15:25 [TRACE] CSRF Token: ikEzJJU_xsHKM-a_amjSdgB4lxI6MTUxMjk5ODU2Mjc0NTM1Mjg5NA==
2017/12/11 13:15:25 [TRACE] Template: repo/bare
2017/12/11 13:16:21 [TRACE] Session ID: b531ff263c44717e
2017/12/11 13:16:21 [TRACE] CSRF Token: 52Gh2vIHCrxRvbDG5bJDz7284B46MTUxMzAxNjE4MTIyNzU1NDM3Mw==
2017/12/11 13:16:21 [TRACE] Session ID: bc678336f777522e
2017/12/11 13:16:21 [TRACE] CSRF Token: 8zL28Td9GXJuZXOpMDLQ7ctqtDs6MTUxMzAxNjE4MTI2NTA1MTkxMQ==
2017/12/11 13:16:21 [TRACE] Session ID: d0e4fdd4a33a47e4
2017/12/11 13:16:21 [TRACE] CSRF Token: Q24d6Q2VA3QVS2h8UUid7OZ72NM6MTUxMzAxNjE4MTI5ODkxNDg1Nw==
2017/12/11 13:16:21 [TRACE] Session ID: 246715c43c7eb109
2017/12/11 13:16:21 [TRACE] CSRF Token: QwRy5HbbtfOiJORfeXyLxm0oCwE6MTUxMzAxNjE4MTMxMTI3MjY0Mg==
2017/12/11 13:16:21 [TRACE] HTTPGit - Authenticated user: netapp
2017/12/11 13:16:21 [TRACE] Session ID: c12dbebcd3a239cf
2017/12/11 13:16:21 [TRACE] CSRF Token: lEOLbFFuDjjD7l7YCb5HzoTI0eg6MTUxMzAxNjE4MTgxOTk4OTYzNQ==
2017/12/11 13:16:21 [TRACE] TriggerTask 'website/master' by 'netapp'
2017/12/11 13:16:21 [TRACE] DeliverHooks [repo_id: 2]
2017/12/11 13:16:21 [TRACE] AddTestPullRequestTask [head_repo_id: 2, head_branch: master]: finding pull requests
2017/12/11 13:16:21 [TRACE] AddTestPullRequestTask [base_repo_id: 2, base_branch: master]: finding pull requests
2017/12/11 13:24:55 [TRACE] Doing: MirrorUpdate
2017/12/11 13:25:31 [TRACE] Session ID: 32e3ba752cd789af
2017/12/11 13:25:31 [TRACE] CSRF Token: 8P29ipAvzWXSjoZiXtOCfym3TbM6MTUxMzAxNjczMTg5NDcxODIxOQ==
2017/12/11 13:25:42 [TRACE] Session ID: f46aa0b8157bdab4
2017/12/11 13:25:42 [TRACE] CSRF Token: KV4UN4psMAX2xCpneCg5g3TcEGg6MTUxMzAxNjc0MjYyOTA2NjM3Mg==
2017/12/11 13:25:42 [TRACE] Session ID: 6132652df9fa721c
2017/12/11 13:25:42 [TRACE] CSRF Token: VMmCJjziteGt8ocfcXKxms3D1go6MTUxMzAxNjc0MjcyMzA1NDM1OQ==
2017/12/11 13:25:46 [TRACE] Session ID: 096d06d7b87dcc23
2017/12/11 13:25:46 [TRACE] CSRF Token: 8vPf0V0mi16uv2q22yuli_xjKIg6MTUxMzAxNjc0NjQ2OTgzMzEwOA==
2017/12/11 13:25:46 [TRACE] Session ID: 53d72ed744a0a123
2017/12/11 13:25:46 [TRACE] CSRF Token: gFhJOZR2JS--UaCYo_0EypDCc4o6MTUxMzAxNjc0NjU0NjY1MzgyNA==
2017/12/11 13:25:47 [TRACE] Session ID: 060725d83f272172
2017/12/11 13:25:47 [TRACE] CSRF Token: gSobuqBCQY3zrxNirRxz2E37Ly46MTUxMzAxNjc0NzEwODE0NTUxOQ==
2017/12/11 13:27:27 [TRACE] Session ID: 3bb122a65e7ea18e
2017/12/11 13:27:27 [TRACE] CSRF Token: ikEzJJU_xsHKM-a_amjSdgB4lxI6MTUxMjk5ODU2Mjc0NTM1Mjg5NA==
2017/12/11 13:27:28 [TRACE] Template: repo/home
2017/12/11 13:27:30 [TRACE] Session ID: 3bb122a65e7ea18e
2017/12/11 13:27:30 [TRACE] CSRF Token: ikEzJJU_xsHKM-a_amjSdgB4lxI6MTUxMjk5ODU2Mjc0NTM1Mjg5NA==
2017/12/11 13:27:30 [TRACE] Template: repo/home
2017/12/11 13:27:32 [TRACE] Session ID: 3bb122a65e7ea18e
2017/12/11 13:27:32 [TRACE] CSRF Token: ikEzJJU_xsHKM-a_amjSdgB4lxI6MTUxMjk5ODU2Mjc0NTM1Mjg5NA==
2017/12/11 13:27:32 [TRACE] Detected encoding: UTF-8 (fast)
2017/12/11 13:27:32 [TRACE] Template: repo/home
2017/12/11 13:27:34 [TRACE] Session ID: 3bb122a65e7ea18e
2017/12/11 13:27:34 [TRACE] CSRF Token: ikEzJJU_xsHKM-a_amjSdgB4lxI6MTUxMjk5ODU2Mjc0NTM1Mjg5NA==
2017/12/11 13:27:34 [TRACE] Detected encoding: UTF-8 (fast)
2017/12/11 13:27:34 [TRACE] Template: repo/editor/edit
2017/12/11 13:27:34 [TRACE] Session ID: 3bb122a65e7ea18e
2017/12/11 13:27:34 [TRACE] CSRF Token: ikEzJJU_xsHKM-a_amjSdgB4lxI6MTUxMjk5ODU2Mjc0NTM1Mjg5NA==
2017/12/11 13:28:32 [TRACE] Session ID: 3bb122a65e7ea18e
2017/12/11 13:28:32 [TRACE] CSRF Token: ikEzJJU_xsHKM-a_amjSdgB4lxI6MTUxMjk5ODU2Mjc0NTM1Mjg5NA==
2017/12/11 13:28:33 [TRACE] AddTestPullRequestTask [head_repo_id: 2, head_branch: master]: finding pull requests
2017/12/11 13:28:33 [TRACE] AddTestPullRequestTask [base_repo_id: 2, base_branch: master]: finding pull requests
2017/12/11 13:28:33 [TRACE] Session ID: 3bb122a65e7ea18e
2017/12/11 13:28:33 [TRACE] CSRF Token: ikEzJJU_xsHKM-a_amjSdgB4lxI6MTUxMjk5ODU2Mjc0NTM1Mjg5NA==
2017/12/11 13:28:33 [TRACE] Detected encoding: UTF-8 (fast)
2017/12/11 13:28:33 [TRACE] Template: repo/home
2017/12/11 13:28:38 [TRACE] Session ID: 3bb122a65e7ea18e
2017/12/11 13:28:38 [TRACE] CSRF Token: ikEzJJU_xsHKM-a_amjSdgB4lxI6MTUxMjk5ODU2Mjc0NTM1Mjg5NA==
2017/12/11 13:28:39 [TRACE] Template: repo/home
2017/12/11 13:28:49 [TRACE] Session ID: 4312acaa5603cf1c
2017/12/11 13:28:49 [TRACE] CSRF Token: kVeEMMqIzW_HfrbKwcMDf5QmkH06MTUxMzAxNjkyOTI2OTA5Mjk5NA==
2017/12/11 13:28:49 [TRACE] Session ID: 7b8fe654de40b08a
2017/12/11 13:28:49 [TRACE] CSRF Token: c9Ttq0MC0KplzhyPNfans5X-_v86MTUxMzAxNjkyOTM0MzEzMTA3MA==
2017/12/11 13:28:50 [TRACE] Session ID: 1944142c903a2a0c
2017/12/11 13:28:50 [TRACE] CSRF Token: TqWt3iyn0z-LIbOBEND-0aTbkws6MTUxMzAxNjkzMDI2ODkwMzY4OA==
2017/12/11 13:28:50 [TRACE] Session ID: c4225f238dc96951
2017/12/11 13:28:50 [TRACE] CSRF Token: irOyZ5R0yPUFjcgr8e6KGL0-9-06MTUxMzAxNjkzMDM0ODM2NzkyMw==
2017/12/11 13:34:55 [TRACE] Doing: MirrorUpdate
2017/12/11 13:44:55 [TRACE] Doing: MirrorUpdate
2017/12/11 13:54:55 [TRACE] Doing: MirrorUpdate
2017/12/11 14:04:55 [TRACE] Doing: MirrorUpdate
